<?xml version="1.0" encoding="UTF-8"?>
<testsuite name="com.service.spring.MyBatisTest" tests="1" skipped="0" failures="0" errors="0" timestamp="2023-11-26T06:55:50" hostname="DESKTOP-P92905G" time="7.867">
  <properties/>
  <testcase name="unitTest()" classname="com.service.spring.MyBatisTest" time="7.867"/>
  <system-out><![CDATA[15:55:44.742 [Test worker] INFO org.springframework.test.context.support.AnnotationConfigContextLoaderUtils -- Could not detect default configuration classes for test class [com.service.spring.MyBatisTest]: MyBatisTest does not declare any static, non-private, non-final, nested classes annotated with @Configuration.
15:55:45.074 [Test worker] INFO org.springframework.boot.test.context.SpringBootTestContextBootstrapper -- Found @SpringBootConfiguration com.service.spring.Application for test class com.service.spring.MyBatisTest

  .   ____          _            __ _ _
 /\\ / ___'_ __ _ _(_)_ __  __ _ \ \ \ \
( ( )\___ | '_ | '_| | '_ \/ _` | \ \ \ \
 \\/  ___)| |_)| | | | | || (_| |  ) ) ) )
  '  |____| .__|_| |_|_| |_\__, | / / / /
 =========|_|==============|___/=/_/_/_/
 :: Spring Boot ::                (v3.2.0)

2023-11-26T15:55:46.285+09:00  INFO 21236 --- [    Test worker] com.service.spring.MyBatisTest           : Starting MyBatisTest using Java 17.0.9 with PID 21236 (started by seaha in C:\Users\seaha\IdeaProjects\멍뭉케어\mmcare-be)
2023-11-26T15:55:46.288+09:00  INFO 21236 --- [    Test worker] com.service.spring.MyBatisTest           : No active profile set, falling back to 1 default profile: "default"
2023-11-26T15:55:48.453+09:00  WARN 21236 --- [    Test worker] o.m.s.mapper.ClassPathMapperScanner      : No MyBatis mapper was found in '[com.service.spring]' package. Please check your configuration.
2023-11-26T15:55:50.355+09:00  INFO 21236 --- [    Test worker] com.service.spring.MyBatisTest           : Started MyBatisTest in 4.78 seconds (process running for 7.934)
2023-11-26T15:55:50.427+09:00  INFO 21236 --- [    Test worker] com.zaxxer.hikari.HikariDataSource       : HikariPool-1 - Starting...
2023-11-26T15:55:54.336+09:00  INFO 21236 --- [    Test worker] com.zaxxer.hikari.pool.HikariPool        : HikariPool-1 - Added connection com.mysql.cj.jdbc.ConnectionImpl@43786627
2023-11-26T15:55:54.345+09:00  INFO 21236 --- [    Test worker] com.zaxxer.hikari.HikariDataSource       : HikariPool-1 - Start completed.
User(userSeq=1, userEmail=example@example.com, userNickName=hihihi, userAddress=서울시 강남구, userPhone=010-1234-5678, userImg=image.jpg, userGroupCnt=0, joins=null)
Group(groupSeq=1, groupName=그룹01, groupLeader=1, groupMemo=그룹01번입니다, pets=null, calendars=null, joins=null)
Group(groupSeq=2, groupName=그룹02, groupLeader=2, groupMemo=그룹02번입니다, pets=null, calendars=null, joins=null)
]]></system-out>
  <system-err><![CDATA[]]></system-err>
</testsuite>
